  [1m[36m (0.9ms)[0m  [1mCREATE TABLE "authors" ("id" INTEGER PRIMARY KEY AUTOINCREMENT NOT NULL, "name" varchar, "genre" varchar, "bio" text, "created_at" datetime NOT NULL, "updated_at" datetime NOT NULL) [0m
  [1m[35m (0.6ms)[0m  CREATE TABLE "posts" ("id" INTEGER PRIMARY KEY AUTOINCREMENT NOT NULL, "title" varchar, "description" text, "created_at" datetime NOT NULL, "updated_at" datetime NOT NULL, "post_status" boolean, "author_id" integer) 
  [1m[36m (0.8ms)[0m  [1mCREATE TABLE "schema_migrations" ("version" varchar NOT NULL) [0m
  [1m[35m (0.4ms)[0m  select sqlite_version(*)
  [1m[36m (0.6ms)[0m  [1mCREATE UNIQUE INDEX "unique_schema_migrations" ON "schema_migrations" ("version")[0m
  [1m[35m (0.1ms)[0m  SELECT version FROM "schema_migrations"
  [1m[36m (0.5ms)[0m  [1mINSERT INTO "schema_migrations" (version) VALUES ('20160113011820')[0m
  [1m[35m (0.9ms)[0m  INSERT INTO "schema_migrations" (version) VALUES ('20151230232412')
  [1m[36m (0.6ms)[0m  [1mINSERT INTO "schema_migrations" (version) VALUES ('20160113011041')[0m
  [1m[35m (0.6ms)[0m  INSERT INTO "schema_migrations" (version) VALUES ('20160113011150')
  [1m[36m (0.7ms)[0m  [1mCREATE TABLE "authors" ("id" INTEGER PRIMARY KEY AUTOINCREMENT NOT NULL, "name" varchar, "genre" varchar, "bio" text, "created_at" datetime NOT NULL, "updated_at" datetime NOT NULL) [0m
  [1m[35m (0.6ms)[0m  CREATE TABLE "posts" ("id" INTEGER PRIMARY KEY AUTOINCREMENT NOT NULL, "title" varchar, "description" text, "created_at" datetime NOT NULL, "updated_at" datetime NOT NULL, "post_status" boolean, "author_id" integer) 
  [1m[36m (0.6ms)[0m  [1mCREATE TABLE "schema_migrations" ("version" varchar NOT NULL) [0m
  [1m[35m (0.0ms)[0m  select sqlite_version(*)
  [1m[36m (0.6ms)[0m  [1mCREATE UNIQUE INDEX "unique_schema_migrations" ON "schema_migrations" ("version")[0m
  [1m[35m (0.1ms)[0m  SELECT version FROM "schema_migrations"
  [1m[36m (0.6ms)[0m  [1mINSERT INTO "schema_migrations" (version) VALUES ('20160113011820')[0m
  [1m[35m (0.7ms)[0m  INSERT INTO "schema_migrations" (version) VALUES ('20151230232412')
  [1m[36m (0.6ms)[0m  [1mINSERT INTO "schema_migrations" (version) VALUES ('20160113011041')[0m
  [1m[35m (0.6ms)[0m  INSERT INTO "schema_migrations" (version) VALUES ('20160113011150')
  [1m[36mActiveRecord::SchemaMigration Load (0.1ms)[0m  [1mSELECT "schema_migrations".* FROM "schema_migrations"[0m
  [1m[36m (0.1ms)[0m  [1mbegin transaction[0m
  [1m[35m (0.1ms)[0m  rollback transaction
  [1m[36m (0.1ms)[0m  [1mbegin transaction[0m
  [1m[35mSQL (0.4ms)[0m  INSERT INTO "posts" ("title", "description", "created_at", "updated_at") VALUES (?, ?, ?, ?)  [["title", "Testing"], ["description", "testing"], ["created_at", "2016-01-26 15:06:03.106369"], ["updated_at", "2016-01-26 15:06:03.106369"]]
  [1m[36m (0.7ms)[0m  [1mcommit transaction[0m
Started GET "/programmers" for ::1 at 2021-05-15 22:06:08 -0500
  [1m[36mActiveRecord::SchemaMigration Load (0.1ms)[0m  [1m[34mSELECT "schema_migrations".* FROM "schema_migrations"[0m
  
ActionController::RoutingError (No route matches [GET] "/programmers"):
  
actionpack (5.0.7.1) lib/action_dispatch/middleware/debug_exceptions.rb:53:in `call'
web-console (2.3.0) lib/web_console/middleware.rb:28:in `block in call'
web-console (2.3.0) lib/web_console/middleware.rb:18:in `catch'
web-console (2.3.0) lib/web_console/middleware.rb:18:in `call'
actionpack (5.0.7.1) lib/action_dispatch/middleware/show_exceptions.rb:31:in `call'
railties (5.0.7.1) lib/rails/rack/logger.rb:36:in `call_app'
railties (5.0.7.1) lib/rails/rack/logger.rb:24:in `block in call'
activesupport (5.0.7.1) lib/active_support/tagged_logging.rb:69:in `block in tagged'
activesupport (5.0.7.1) lib/active_support/tagged_logging.rb:26:in `tagged'
activesupport (5.0.7.1) lib/active_support/tagged_logging.rb:69:in `tagged'
railties (5.0.7.1) lib/rails/rack/logger.rb:24:in `call'
sprockets-rails (3.2.1) lib/sprockets/rails/quiet_assets.rb:13:in `call'
actionpack (5.0.7.1) lib/action_dispatch/middleware/request_id.rb:24:in `call'
rack (2.2.3) lib/rack/method_override.rb:24:in `call'
rack (2.2.3) lib/rack/runtime.rb:22:in `call'
activesupport (5.0.7.1) lib/active_support/cache/strategy/local_cache_middleware.rb:28:in `call'
actionpack (5.0.7.1) lib/action_dispatch/middleware/executor.rb:12:in `call'
actionpack (5.0.7.1) lib/action_dispatch/middleware/static.rb:136:in `call'
rack (2.2.3) lib/rack/sendfile.rb:110:in `call'
railties (5.0.7.1) lib/rails/engine.rb:522:in `call'
rack (2.2.3) lib/rack/handler/webrick.rb:95:in `service'
/Users/zicna/.rvm/rubies/ruby-2.6.1/lib/ruby/2.6.0/webrick/httpserver.rb:140:in `service'
/Users/zicna/.rvm/rubies/ruby-2.6.1/lib/ruby/2.6.0/webrick/httpserver.rb:96:in `run'
/Users/zicna/.rvm/rubies/ruby-2.6.1/lib/ruby/2.6.0/webrick/server.rb:307:in `block in start_thread'
  Rendering /Users/zicna/.rvm/gems/ruby-2.6.1/gems/actionpack-5.0.7.1/lib/action_dispatch/middleware/templates/rescues/routing_error.html.erb within rescues/layout
  Rendering /Users/zicna/.rvm/gems/ruby-2.6.1/gems/actionpack-5.0.7.1/lib/action_dispatch/middleware/templates/rescues/_trace.html.erb
  Rendered /Users/zicna/.rvm/gems/ruby-2.6.1/gems/actionpack-5.0.7.1/lib/action_dispatch/middleware/templates/rescues/_trace.html.erb (0.7ms)
  Rendered collection of /Users/zicna/.rvm/gems/ruby-2.6.1/gems/actionpack-5.0.7.1/lib/action_dispatch/middleware/templates/routes/_route.html.erb [9 times] (4.3ms)
  Rendered /Users/zicna/.rvm/gems/ruby-2.6.1/gems/actionpack-5.0.7.1/lib/action_dispatch/middleware/templates/routes/_table.html.erb (5.2ms)
  Rendering /Users/zicna/.rvm/gems/ruby-2.6.1/gems/actionpack-5.0.7.1/lib/action_dispatch/middleware/templates/rescues/_request_and_response.html.erb
  Rendered /Users/zicna/.rvm/gems/ruby-2.6.1/gems/actionpack-5.0.7.1/lib/action_dispatch/middleware/templates/rescues/_request_and_response.html.erb (5.8ms)
  Rendered /Users/zicna/.rvm/gems/ruby-2.6.1/gems/actionpack-5.0.7.1/lib/action_dispatch/middleware/templates/rescues/routing_error.html.erb within rescues/layout (38.1ms)
DEPRECATION WARNING: Accessing mime types via constants is deprecated. Please change `Mime::HTML` to `Mime[:html]`. (called from acceptable_content_type? at /Users/zicna/.rvm/gems/ruby-2.6.1/gems/web-console-2.3.0/lib/web_console/middleware.rb:58)
  Rendering /Users/zicna/.rvm/gems/ruby-2.6.1/gems/web-console-2.3.0/lib/web_console/templates/index.html.erb
  Rendered /Users/zicna/.rvm/gems/ruby-2.6.1/gems/web-console-2.3.0/lib/web_console/templates/_markup.html.erb (0.2ms)
  Rendering /Users/zicna/.rvm/gems/ruby-2.6.1/gems/web-console-2.3.0/lib/web_console/templates/console.js.erb within layouts/javascript
  Rendering /Users/zicna/.rvm/gems/ruby-2.6.1/gems/web-console-2.3.0/lib/web_console/templates/_inner_console_markup.html.erb within layouts/inlined_string
  Rendered /Users/zicna/.rvm/gems/ruby-2.6.1/gems/web-console-2.3.0/lib/web_console/templates/_inner_console_markup.html.erb within layouts/inlined_string (0.4ms)
  Rendering /Users/zicna/.rvm/gems/ruby-2.6.1/gems/web-console-2.3.0/lib/web_console/templates/_prompt_box_markup.html.erb within layouts/inlined_string
  Rendered /Users/zicna/.rvm/gems/ruby-2.6.1/gems/web-console-2.3.0/lib/web_console/templates/_prompt_box_markup.html.erb within layouts/inlined_string (0.2ms)
  Rendering /Users/zicna/.rvm/gems/ruby-2.6.1/gems/web-console-2.3.0/lib/web_console/templates/style.css.erb within layouts/inlined_string
  Rendered /Users/zicna/.rvm/gems/ruby-2.6.1/gems/web-console-2.3.0/lib/web_console/templates/style.css.erb within layouts/inlined_string (0.1ms)
DEPRECATION WARNING: Accessing mime types via constants is deprecated. Please change `Mime::WEB_CONSOLE_V2` to `Mime[:web_console_v2]`. (called from ___sers_zicna__rvm_gems_ruby_______gems_web_console_______lib_web_console_templates_console_js_erb__3209349978630215876_70187935465420 at /Users/zicna/.rvm/gems/ruby-2.6.1/gems/web-console-2.3.0/lib/web_console/templates/console.js.erb:491)
  Rendered /Users/zicna/.rvm/gems/ruby-2.6.1/gems/web-console-2.3.0/lib/web_console/templates/console.js.erb within layouts/javascript (33.1ms)
  Rendering /Users/zicna/.rvm/gems/ruby-2.6.1/gems/web-console-2.3.0/lib/web_console/templates/main.js.erb within layouts/javascript
  Rendered /Users/zicna/.rvm/gems/ruby-2.6.1/gems/web-console-2.3.0/lib/web_console/templates/main.js.erb within layouts/javascript (0.1ms)
  Rendering /Users/zicna/.rvm/gems/ruby-2.6.1/gems/web-console-2.3.0/lib/web_console/templates/error_page.js.erb within layouts/javascript
  Rendered /Users/zicna/.rvm/gems/ruby-2.6.1/gems/web-console-2.3.0/lib/web_console/templates/error_page.js.erb within layouts/javascript (0.1ms)
  Rendered /Users/zicna/.rvm/gems/ruby-2.6.1/gems/web-console-2.3.0/lib/web_console/templates/index.html.erb (45.9ms)
Started GET "/posts" for ::1 at 2021-05-15 22:06:14 -0500
Processing by PostsController#index as HTML
  Rendering posts/index.html.erb within layouts/application
  [1m[36mPost Load (0.4ms)[0m  [1m[34mSELECT "posts".* FROM "posts"[0m
  Rendered posts/index.html.erb within layouts/application (7.8ms)
Completed 200 OK in 524ms (Views: 511.9ms | ActiveRecord: 1.0ms)


Started GET "/posts/new" for ::1 at 2021-05-15 22:06:22 -0500
Processing by PostsController#new as HTML
  Rendering posts/new.html.erb within layouts/application
  Rendered posts/new.html.erb within layouts/application (7.3ms)
Completed 200 OK in 23ms (Views: 20.7ms | ActiveRecord: 0.0ms)


Started GET "/posts/1" for ::1 at 2021-05-15 22:06:32 -0500
Processing by PostsController#show as HTML
  Parameters: {"id"=>"1"}
  [1m[36mPost Load (0.4ms)[0m  [1m[34mSELECT  "posts".* FROM "posts" WHERE "posts"."id" = ? LIMIT ?[0m  [["id", 1], ["LIMIT", 1]]
  Rendering posts/show.html.erb within layouts/application
  Rendered posts/show.html.erb within layouts/application (1.1ms)
Completed 200 OK in 28ms (Views: 18.2ms | ActiveRecord: 0.4ms)


Started GET "/posts/1" for ::1 at 2021-05-15 22:13:46 -0500
Processing by PostsController#show as HTML
  Parameters: {"id"=>"1"}
  [1m[36mPost Load (0.2ms)[0m  [1m[34mSELECT  "posts".* FROM "posts" WHERE "posts"."id" = ? LIMIT ?[0m  [["id", 1], ["LIMIT", 1]]
  Rendering posts/show.html.erb within layouts/application
  Rendered posts/show.html.erb within layouts/application (0.9ms)
Completed 500 Internal Server Error in 30ms (ActiveRecord: 0.2ms)


  
SyntaxError (/Users/zicna/Development/Code/phase3/refactoring-views-with-helpers-reading/app/views/posts/show.html.erb:2: unknown type of %string
...( @post.updated_at.strftime(%A, %b %d) );@output_buffer.safe...
...                            ^~~
/Users/zicna/Development/Code/phase3/refactoring-views-with-helpers-reading/app/views/posts/show.html.erb:2: syntax error, unexpected end-of-input, expecting ')'
...( @post.updated_at.strftime(%A, %b %d) );@output_buffer.safe...
...                            ^~~):
  
app/views/posts/show.html.erb:2: unknown type of %string
app/views/posts/show.html.erb:2: syntax error, unexpected end-of-input, expecting ')'
  Rendering /Users/zicna/.rvm/gems/ruby-2.6.1/gems/actionpack-5.0.7.1/lib/action_dispatch/middleware/templates/rescues/diagnostics.html.erb within rescues/layout
  Rendering /Users/zicna/.rvm/gems/ruby-2.6.1/gems/actionpack-5.0.7.1/lib/action_dispatch/middleware/templates/rescues/_source.html.erb
  Rendered /Users/zicna/.rvm/gems/ruby-2.6.1/gems/actionpack-5.0.7.1/lib/action_dispatch/middleware/templates/rescues/_source.html.erb (1.9ms)
  Rendering /Users/zicna/.rvm/gems/ruby-2.6.1/gems/actionpack-5.0.7.1/lib/action_dispatch/middleware/templates/rescues/_trace.html.erb
  Rendered /Users/zicna/.rvm/gems/ruby-2.6.1/gems/actionpack-5.0.7.1/lib/action_dispatch/middleware/templates/rescues/_trace.html.erb (1.2ms)
  Rendering /Users/zicna/.rvm/gems/ruby-2.6.1/gems/actionpack-5.0.7.1/lib/action_dispatch/middleware/templates/rescues/_request_and_response.html.erb
  Rendered /Users/zicna/.rvm/gems/ruby-2.6.1/gems/actionpack-5.0.7.1/lib/action_dispatch/middleware/templates/rescues/_request_and_response.html.erb (0.5ms)
  Rendered /Users/zicna/.rvm/gems/ruby-2.6.1/gems/actionpack-5.0.7.1/lib/action_dispatch/middleware/templates/rescues/diagnostics.html.erb within rescues/layout (13.3ms)
DEPRECATION WARNING: Accessing mime types via constants is deprecated. Please change `Mime::HTML` to `Mime[:html]`. (called from acceptable_content_type? at /Users/zicna/.rvm/gems/ruby-2.6.1/gems/web-console-2.3.0/lib/web_console/middleware.rb:58)
  Rendering /Users/zicna/.rvm/gems/ruby-2.6.1/gems/web-console-2.3.0/lib/web_console/templates/index.html.erb
  Rendered /Users/zicna/.rvm/gems/ruby-2.6.1/gems/web-console-2.3.0/lib/web_console/templates/_markup.html.erb (0.2ms)
  Rendering /Users/zicna/.rvm/gems/ruby-2.6.1/gems/web-console-2.3.0/lib/web_console/templates/console.js.erb within layouts/javascript
  Rendering /Users/zicna/.rvm/gems/ruby-2.6.1/gems/web-console-2.3.0/lib/web_console/templates/_inner_console_markup.html.erb within layouts/inlined_string
  Rendered /Users/zicna/.rvm/gems/ruby-2.6.1/gems/web-console-2.3.0/lib/web_console/templates/_inner_console_markup.html.erb within layouts/inlined_string (0.3ms)
  Rendering /Users/zicna/.rvm/gems/ruby-2.6.1/gems/web-console-2.3.0/lib/web_console/templates/_prompt_box_markup.html.erb within layouts/inlined_string
  Rendered /Users/zicna/.rvm/gems/ruby-2.6.1/gems/web-console-2.3.0/lib/web_console/templates/_prompt_box_markup.html.erb within layouts/inlined_string (0.1ms)
  Rendering /Users/zicna/.rvm/gems/ruby-2.6.1/gems/web-console-2.3.0/lib/web_console/templates/style.css.erb within layouts/inlined_string
  Rendered /Users/zicna/.rvm/gems/ruby-2.6.1/gems/web-console-2.3.0/lib/web_console/templates/style.css.erb within layouts/inlined_string (0.2ms)
DEPRECATION WARNING: Accessing mime types via constants is deprecated. Please change `Mime::WEB_CONSOLE_V2` to `Mime[:web_console_v2]`. (called from ___sers_zicna__rvm_gems_ruby_______gems_web_console_______lib_web_console_templates_console_js_erb__3209349978630215876_70187947578060 at /Users/zicna/.rvm/gems/ruby-2.6.1/gems/web-console-2.3.0/lib/web_console/templates/console.js.erb:491)
  Rendered /Users/zicna/.rvm/gems/ruby-2.6.1/gems/web-console-2.3.0/lib/web_console/templates/console.js.erb within layouts/javascript (10.4ms)
  Rendering /Users/zicna/.rvm/gems/ruby-2.6.1/gems/web-console-2.3.0/lib/web_console/templates/main.js.erb within layouts/javascript
  Rendered /Users/zicna/.rvm/gems/ruby-2.6.1/gems/web-console-2.3.0/lib/web_console/templates/main.js.erb within layouts/javascript (0.1ms)
  Rendering /Users/zicna/.rvm/gems/ruby-2.6.1/gems/web-console-2.3.0/lib/web_console/templates/error_page.js.erb within layouts/javascript
  Rendered /Users/zicna/.rvm/gems/ruby-2.6.1/gems/web-console-2.3.0/lib/web_console/templates/error_page.js.erb within layouts/javascript (0.2ms)
  Rendered /Users/zicna/.rvm/gems/ruby-2.6.1/gems/web-console-2.3.0/lib/web_console/templates/index.html.erb (22.5ms)
Started GET "/posts/1" for ::1 at 2021-05-15 22:17:51 -0500
Processing by PostsController#show as HTML
  Parameters: {"id"=>"1"}
  [1m[36mPost Load (0.5ms)[0m  [1m[34mSELECT  "posts".* FROM "posts" WHERE "posts"."id" = ? LIMIT ?[0m  [["id", 1], ["LIMIT", 1]]
  Rendering posts/show.html.erb within layouts/application
  Rendered posts/show.html.erb within layouts/application (1.4ms)
Completed 200 OK in 44ms (Views: 33.7ms | ActiveRecord: 0.5ms)


Started GET "/posts/1" for ::1 at 2021-05-15 22:18:17 -0500
Processing by PostsController#show as HTML
  Parameters: {"id"=>"1"}
  [1m[36mPost Load (0.1ms)[0m  [1m[34mSELECT  "posts".* FROM "posts" WHERE "posts"."id" = ? LIMIT ?[0m  [["id", 1], ["LIMIT", 1]]
  Rendering posts/show.html.erb within layouts/application
  Rendered posts/show.html.erb within layouts/application (0.6ms)
Completed 500 Internal Server Error in 3ms (ActiveRecord: 0.1ms)


  
SyntaxError (/Users/zicna/Development/Code/phase3/refactoring-views-with-helpers-reading/app/views/posts/show.html.erb:2: unknown type of %string
...( @post.updated_at.strftime(%A, %b %d) );@output_buffer.safe...
...                            ^~~
/Users/zicna/Development/Code/phase3/refactoring-views-with-helpers-reading/app/views/posts/show.html.erb:2: syntax error, unexpected end-of-input, expecting ')'
...( @post.updated_at.strftime(%A, %b %d) );@output_buffer.safe...
...                            ^~~):
  
app/views/posts/show.html.erb:2: unknown type of %string
app/views/posts/show.html.erb:2: syntax error, unexpected end-of-input, expecting ')'
  Rendering /Users/zicna/.rvm/gems/ruby-2.6.1/gems/actionpack-5.0.7.1/lib/action_dispatch/middleware/templates/rescues/diagnostics.html.erb within rescues/layout
  Rendering /Users/zicna/.rvm/gems/ruby-2.6.1/gems/actionpack-5.0.7.1/lib/action_dispatch/middleware/templates/rescues/_source.html.erb
  Rendered /Users/zicna/.rvm/gems/ruby-2.6.1/gems/actionpack-5.0.7.1/lib/action_dispatch/middleware/templates/rescues/_source.html.erb (2.1ms)
  Rendering /Users/zicna/.rvm/gems/ruby-2.6.1/gems/actionpack-5.0.7.1/lib/action_dispatch/middleware/templates/rescues/_trace.html.erb
  Rendered /Users/zicna/.rvm/gems/ruby-2.6.1/gems/actionpack-5.0.7.1/lib/action_dispatch/middleware/templates/rescues/_trace.html.erb (1.2ms)
  Rendering /Users/zicna/.rvm/gems/ruby-2.6.1/gems/actionpack-5.0.7.1/lib/action_dispatch/middleware/templates/rescues/_request_and_response.html.erb
  Rendered /Users/zicna/.rvm/gems/ruby-2.6.1/gems/actionpack-5.0.7.1/lib/action_dispatch/middleware/templates/rescues/_request_and_response.html.erb (0.8ms)
  Rendered /Users/zicna/.rvm/gems/ruby-2.6.1/gems/actionpack-5.0.7.1/lib/action_dispatch/middleware/templates/rescues/diagnostics.html.erb within rescues/layout (14.1ms)
DEPRECATION WARNING: Accessing mime types via constants is deprecated. Please change `Mime::HTML` to `Mime[:html]`. (called from acceptable_content_type? at /Users/zicna/.rvm/gems/ruby-2.6.1/gems/web-console-2.3.0/lib/web_console/middleware.rb:58)
  Rendering /Users/zicna/.rvm/gems/ruby-2.6.1/gems/web-console-2.3.0/lib/web_console/templates/index.html.erb
  Rendered /Users/zicna/.rvm/gems/ruby-2.6.1/gems/web-console-2.3.0/lib/web_console/templates/_markup.html.erb (0.3ms)
  Rendering /Users/zicna/.rvm/gems/ruby-2.6.1/gems/web-console-2.3.0/lib/web_console/templates/console.js.erb within layouts/javascript
  Rendering /Users/zicna/.rvm/gems/ruby-2.6.1/gems/web-console-2.3.0/lib/web_console/templates/_inner_console_markup.html.erb within layouts/inlined_string
  Rendered /Users/zicna/.rvm/gems/ruby-2.6.1/gems/web-console-2.3.0/lib/web_console/templates/_inner_console_markup.html.erb within layouts/inlined_string (0.2ms)
  Rendering /Users/zicna/.rvm/gems/ruby-2.6.1/gems/web-console-2.3.0/lib/web_console/templates/_prompt_box_markup.html.erb within layouts/inlined_string
  Rendered /Users/zicna/.rvm/gems/ruby-2.6.1/gems/web-console-2.3.0/lib/web_console/templates/_prompt_box_markup.html.erb within layouts/inlined_string (0.2ms)
  Rendering /Users/zicna/.rvm/gems/ruby-2.6.1/gems/web-console-2.3.0/lib/web_console/templates/style.css.erb within layouts/inlined_string
  Rendered /Users/zicna/.rvm/gems/ruby-2.6.1/gems/web-console-2.3.0/lib/web_console/templates/style.css.erb within layouts/inlined_string (0.2ms)
DEPRECATION WARNING: Accessing mime types via constants is deprecated. Please change `Mime::WEB_CONSOLE_V2` to `Mime[:web_console_v2]`. (called from ___sers_zicna__rvm_gems_ruby_______gems_web_console_______lib_web_console_templates_console_js_erb__3209349978630215876_70188084266680 at /Users/zicna/.rvm/gems/ruby-2.6.1/gems/web-console-2.3.0/lib/web_console/templates/console.js.erb:491)
  Rendered /Users/zicna/.rvm/gems/ruby-2.6.1/gems/web-console-2.3.0/lib/web_console/templates/console.js.erb within layouts/javascript (12.3ms)
  Rendering /Users/zicna/.rvm/gems/ruby-2.6.1/gems/web-console-2.3.0/lib/web_console/templates/main.js.erb within layouts/javascript
  Rendered /Users/zicna/.rvm/gems/ruby-2.6.1/gems/web-console-2.3.0/lib/web_console/templates/main.js.erb within layouts/javascript (0.2ms)
  Rendering /Users/zicna/.rvm/gems/ruby-2.6.1/gems/web-console-2.3.0/lib/web_console/templates/error_page.js.erb within layouts/javascript
  Rendered /Users/zicna/.rvm/gems/ruby-2.6.1/gems/web-console-2.3.0/lib/web_console/templates/error_page.js.erb within layouts/javascript (0.2ms)
  Rendered /Users/zicna/.rvm/gems/ruby-2.6.1/gems/web-console-2.3.0/lib/web_console/templates/index.html.erb (26.4ms)
Started GET "/posts/1" for ::1 at 2021-05-15 22:18:27 -0500
Processing by PostsController#show as HTML
  Parameters: {"id"=>"1"}
  [1m[36mPost Load (0.1ms)[0m  [1m[34mSELECT  "posts".* FROM "posts" WHERE "posts"."id" = ? LIMIT ?[0m  [["id", 1], ["LIMIT", 1]]
  Rendering posts/show.html.erb within layouts/application
  Rendered posts/show.html.erb within layouts/application (0.4ms)
Completed 500 Internal Server Error in 2ms (ActiveRecord: 0.1ms)


  
SyntaxError (/Users/zicna/Development/Code/phase3/refactoring-views-with-helpers-reading/app/views/posts/show.html.erb:2: unknown type of %string
...( @post.updated_at.strftime(%A %b %d) );@output_buffer.safe_...
...                            ^~~
/Users/zicna/Development/Code/phase3/refactoring-views-with-helpers-reading/app/views/posts/show.html.erb:2: syntax error, unexpected end-of-input, expecting ')'
...( @post.updated_at.strftime(%A %b %d) );@output_buffer.safe_...
...                            ^~~):
  
app/views/posts/show.html.erb:2: unknown type of %string
app/views/posts/show.html.erb:2: syntax error, unexpected end-of-input, expecting ')'
  Rendering /Users/zicna/.rvm/gems/ruby-2.6.1/gems/actionpack-5.0.7.1/lib/action_dispatch/middleware/templates/rescues/diagnostics.html.erb within rescues/layout
  Rendering /Users/zicna/.rvm/gems/ruby-2.6.1/gems/actionpack-5.0.7.1/lib/action_dispatch/middleware/templates/rescues/_source.html.erb
  Rendered /Users/zicna/.rvm/gems/ruby-2.6.1/gems/actionpack-5.0.7.1/lib/action_dispatch/middleware/templates/rescues/_source.html.erb (2.0ms)
  Rendering /Users/zicna/.rvm/gems/ruby-2.6.1/gems/actionpack-5.0.7.1/lib/action_dispatch/middleware/templates/rescues/_trace.html.erb
  Rendered /Users/zicna/.rvm/gems/ruby-2.6.1/gems/actionpack-5.0.7.1/lib/action_dispatch/middleware/templates/rescues/_trace.html.erb (1.1ms)
  Rendering /Users/zicna/.rvm/gems/ruby-2.6.1/gems/actionpack-5.0.7.1/lib/action_dispatch/middleware/templates/rescues/_request_and_response.html.erb
  Rendered /Users/zicna/.rvm/gems/ruby-2.6.1/gems/actionpack-5.0.7.1/lib/action_dispatch/middleware/templates/rescues/_request_and_response.html.erb (0.5ms)
  Rendered /Users/zicna/.rvm/gems/ruby-2.6.1/gems/actionpack-5.0.7.1/lib/action_dispatch/middleware/templates/rescues/diagnostics.html.erb within rescues/layout (12.4ms)
DEPRECATION WARNING: Accessing mime types via constants is deprecated. Please change `Mime::HTML` to `Mime[:html]`. (called from acceptable_content_type? at /Users/zicna/.rvm/gems/ruby-2.6.1/gems/web-console-2.3.0/lib/web_console/middleware.rb:58)
  Rendering /Users/zicna/.rvm/gems/ruby-2.6.1/gems/web-console-2.3.0/lib/web_console/templates/index.html.erb
  Rendered /Users/zicna/.rvm/gems/ruby-2.6.1/gems/web-console-2.3.0/lib/web_console/templates/_markup.html.erb (0.2ms)
  Rendering /Users/zicna/.rvm/gems/ruby-2.6.1/gems/web-console-2.3.0/lib/web_console/templates/console.js.erb within layouts/javascript
  Rendering /Users/zicna/.rvm/gems/ruby-2.6.1/gems/web-console-2.3.0/lib/web_console/templates/_inner_console_markup.html.erb within layouts/inlined_string
  Rendered /Users/zicna/.rvm/gems/ruby-2.6.1/gems/web-console-2.3.0/lib/web_console/templates/_inner_console_markup.html.erb within layouts/inlined_string (0.1ms)
  Rendering /Users/zicna/.rvm/gems/ruby-2.6.1/gems/web-console-2.3.0/lib/web_console/templates/_prompt_box_markup.html.erb within layouts/inlined_string
  Rendered /Users/zicna/.rvm/gems/ruby-2.6.1/gems/web-console-2.3.0/lib/web_console/templates/_prompt_box_markup.html.erb within layouts/inlined_string (0.1ms)
  Rendering /Users/zicna/.rvm/gems/ruby-2.6.1/gems/web-console-2.3.0/lib/web_console/templates/style.css.erb within layouts/inlined_string
  Rendered /Users/zicna/.rvm/gems/ruby-2.6.1/gems/web-console-2.3.0/lib/web_console/templates/style.css.erb within layouts/inlined_string (0.2ms)
DEPRECATION WARNING: Accessing mime types via constants is deprecated. Please change `Mime::WEB_CONSOLE_V2` to `Mime[:web_console_v2]`. (called from ___sers_zicna__rvm_gems_ruby_______gems_web_console_______lib_web_console_templates_console_js_erb__3209349978630215876_70187665155480 at /Users/zicna/.rvm/gems/ruby-2.6.1/gems/web-console-2.3.0/lib/web_console/templates/console.js.erb:491)
  Rendered /Users/zicna/.rvm/gems/ruby-2.6.1/gems/web-console-2.3.0/lib/web_console/templates/console.js.erb within layouts/javascript (11.6ms)
  Rendering /Users/zicna/.rvm/gems/ruby-2.6.1/gems/web-console-2.3.0/lib/web_console/templates/main.js.erb within layouts/javascript
  Rendered /Users/zicna/.rvm/gems/ruby-2.6.1/gems/web-console-2.3.0/lib/web_console/templates/main.js.erb within layouts/javascript (0.2ms)
  Rendering /Users/zicna/.rvm/gems/ruby-2.6.1/gems/web-console-2.3.0/lib/web_console/templates/error_page.js.erb within layouts/javascript
  Rendered /Users/zicna/.rvm/gems/ruby-2.6.1/gems/web-console-2.3.0/lib/web_console/templates/error_page.js.erb within layouts/javascript (0.2ms)
  Rendered /Users/zicna/.rvm/gems/ruby-2.6.1/gems/web-console-2.3.0/lib/web_console/templates/index.html.erb (21.5ms)
Started GET "/posts/1" for ::1 at 2021-05-15 22:18:53 -0500
Processing by PostsController#show as HTML
  Parameters: {"id"=>"1"}
  [1m[36mPost Load (0.1ms)[0m  [1m[34mSELECT  "posts".* FROM "posts" WHERE "posts"."id" = ? LIMIT ?[0m  [["id", 1], ["LIMIT", 1]]
  Rendering posts/show.html.erb within layouts/application
  Rendered posts/show.html.erb within layouts/application (0.4ms)
Completed 500 Internal Server Error in 2ms (ActiveRecord: 0.1ms)


  
SyntaxError (/Users/zicna/Development/Code/phase3/refactoring-views-with-helpers-reading/app/views/posts/show.html.erb:2: unknown type of %string
...st.updated_at.to_s.strftime(%A %b %d) );@output_buffer.safe_...
...                            ^~~
/Users/zicna/Development/Code/phase3/refactoring-views-with-helpers-reading/app/views/posts/show.html.erb:2: syntax error, unexpected end-of-input, expecting ')'
...st.updated_at.to_s.strftime(%A %b %d) );@output_buffer.safe_...
...                            ^~~):
  
app/views/posts/show.html.erb:2: unknown type of %string
app/views/posts/show.html.erb:2: syntax error, unexpected end-of-input, expecting ')'
  Rendering /Users/zicna/.rvm/gems/ruby-2.6.1/gems/actionpack-5.0.7.1/lib/action_dispatch/middleware/templates/rescues/diagnostics.html.erb within rescues/layout
  Rendering /Users/zicna/.rvm/gems/ruby-2.6.1/gems/actionpack-5.0.7.1/lib/action_dispatch/middleware/templates/rescues/_source.html.erb
  Rendered /Users/zicna/.rvm/gems/ruby-2.6.1/gems/actionpack-5.0.7.1/lib/action_dispatch/middleware/templates/rescues/_source.html.erb (1.8ms)
  Rendering /Users/zicna/.rvm/gems/ruby-2.6.1/gems/actionpack-5.0.7.1/lib/action_dispatch/middleware/templates/rescues/_trace.html.erb
  Rendered /Users/zicna/.rvm/gems/ruby-2.6.1/gems/actionpack-5.0.7.1/lib/action_dispatch/middleware/templates/rescues/_trace.html.erb (0.9ms)
  Rendering /Users/zicna/.rvm/gems/ruby-2.6.1/gems/actionpack-5.0.7.1/lib/action_dispatch/middleware/templates/rescues/_request_and_response.html.erb
  Rendered /Users/zicna/.rvm/gems/ruby-2.6.1/gems/actionpack-5.0.7.1/lib/action_dispatch/middleware/templates/rescues/_request_and_response.html.erb (0.7ms)
  Rendered /Users/zicna/.rvm/gems/ruby-2.6.1/gems/actionpack-5.0.7.1/lib/action_dispatch/middleware/templates/rescues/diagnostics.html.erb within rescues/layout (12.2ms)
DEPRECATION WARNING: Accessing mime types via constants is deprecated. Please change `Mime::HTML` to `Mime[:html]`. (called from acceptable_content_type? at /Users/zicna/.rvm/gems/ruby-2.6.1/gems/web-console-2.3.0/lib/web_console/middleware.rb:58)
  Rendering /Users/zicna/.rvm/gems/ruby-2.6.1/gems/web-console-2.3.0/lib/web_console/templates/index.html.erb
  Rendered /Users/zicna/.rvm/gems/ruby-2.6.1/gems/web-console-2.3.0/lib/web_console/templates/_markup.html.erb (0.1ms)
  Rendering /Users/zicna/.rvm/gems/ruby-2.6.1/gems/web-console-2.3.0/lib/web_console/templates/console.js.erb within layouts/javascript
  Rendering /Users/zicna/.rvm/gems/ruby-2.6.1/gems/web-console-2.3.0/lib/web_console/templates/_inner_console_markup.html.erb within layouts/inlined_string
  Rendered /Users/zicna/.rvm/gems/ruby-2.6.1/gems/web-console-2.3.0/lib/web_console/templates/_inner_console_markup.html.erb within layouts/inlined_string (0.2ms)
  Rendering /Users/zicna/.rvm/gems/ruby-2.6.1/gems/web-console-2.3.0/lib/web_console/templates/_prompt_box_markup.html.erb within layouts/inlined_string
  Rendered /Users/zicna/.rvm/gems/ruby-2.6.1/gems/web-console-2.3.0/lib/web_console/templates/_prompt_box_markup.html.erb within layouts/inlined_string (0.1ms)
  Rendering /Users/zicna/.rvm/gems/ruby-2.6.1/gems/web-console-2.3.0/lib/web_console/templates/style.css.erb within layouts/inlined_string
  Rendered /Users/zicna/.rvm/gems/ruby-2.6.1/gems/web-console-2.3.0/lib/web_console/templates/style.css.erb within layouts/inlined_string (0.1ms)
DEPRECATION WARNING: Accessing mime types via constants is deprecated. Please change `Mime::WEB_CONSOLE_V2` to `Mime[:web_console_v2]`. (called from ___sers_zicna__rvm_gems_ruby_______gems_web_console_______lib_web_console_templates_console_js_erb__3209349978630215876_70188084584340 at /Users/zicna/.rvm/gems/ruby-2.6.1/gems/web-console-2.3.0/lib/web_console/templates/console.js.erb:491)
  Rendered /Users/zicna/.rvm/gems/ruby-2.6.1/gems/web-console-2.3.0/lib/web_console/templates/console.js.erb within layouts/javascript (10.6ms)
  Rendering /Users/zicna/.rvm/gems/ruby-2.6.1/gems/web-console-2.3.0/lib/web_console/templates/main.js.erb within layouts/javascript
  Rendered /Users/zicna/.rvm/gems/ruby-2.6.1/gems/web-console-2.3.0/lib/web_console/templates/main.js.erb within layouts/javascript (0.2ms)
  Rendering /Users/zicna/.rvm/gems/ruby-2.6.1/gems/web-console-2.3.0/lib/web_console/templates/error_page.js.erb within layouts/javascript
  Rendered /Users/zicna/.rvm/gems/ruby-2.6.1/gems/web-console-2.3.0/lib/web_console/templates/error_page.js.erb within layouts/javascript (0.2ms)
  Rendered /Users/zicna/.rvm/gems/ruby-2.6.1/gems/web-console-2.3.0/lib/web_console/templates/index.html.erb (20.4ms)
Started GET "/posts/1" for ::1 at 2021-05-15 22:18:54 -0500
Processing by PostsController#show as HTML
  Parameters: {"id"=>"1"}
  [1m[36mPost Load (0.2ms)[0m  [1m[34mSELECT  "posts".* FROM "posts" WHERE "posts"."id" = ? LIMIT ?[0m  [["id", 1], ["LIMIT", 1]]
  Rendering posts/show.html.erb within layouts/application
  Rendered posts/show.html.erb within layouts/application (2.1ms)
Completed 500 Internal Server Error in 8ms (ActiveRecord: 0.2ms)


  
SyntaxError (/Users/zicna/Development/Code/phase3/refactoring-views-with-helpers-reading/app/views/posts/show.html.erb:2: unknown type of %string
...st.updated_at.to_s.strftime(%A %b %d) );@output_buffer.safe_...
...                            ^~~
/Users/zicna/Development/Code/phase3/refactoring-views-with-helpers-reading/app/views/posts/show.html.erb:2: syntax error, unexpected end-of-input, expecting ')'
...st.updated_at.to_s.strftime(%A %b %d) );@output_buffer.safe_...
...                            ^~~):
  
app/views/posts/show.html.erb:2: unknown type of %string
app/views/posts/show.html.erb:2: syntax error, unexpected end-of-input, expecting ')'
  Rendering /Users/zicna/.rvm/gems/ruby-2.6.1/gems/actionpack-5.0.7.1/lib/action_dispatch/middleware/templates/rescues/diagnostics.html.erb within rescues/layout
  Rendering /Users/zicna/.rvm/gems/ruby-2.6.1/gems/actionpack-5.0.7.1/lib/action_dispatch/middleware/templates/rescues/_source.html.erb
  Rendered /Users/zicna/.rvm/gems/ruby-2.6.1/gems/actionpack-5.0.7.1/lib/action_dispatch/middleware/templates/rescues/_source.html.erb (1.8ms)
  Rendering /Users/zicna/.rvm/gems/ruby-2.6.1/gems/actionpack-5.0.7.1/lib/action_dispatch/middleware/templates/rescues/_trace.html.erb
  Rendered /Users/zicna/.rvm/gems/ruby-2.6.1/gems/actionpack-5.0.7.1/lib/action_dispatch/middleware/templates/rescues/_trace.html.erb (0.9ms)
  Rendering /Users/zicna/.rvm/gems/ruby-2.6.1/gems/actionpack-5.0.7.1/lib/action_dispatch/middleware/templates/rescues/_request_and_response.html.erb
  Rendered /Users/zicna/.rvm/gems/ruby-2.6.1/gems/actionpack-5.0.7.1/lib/action_dispatch/middleware/templates/rescues/_request_and_response.html.erb (0.4ms)
  Rendered /Users/zicna/.rvm/gems/ruby-2.6.1/gems/actionpack-5.0.7.1/lib/action_dispatch/middleware/templates/rescues/diagnostics.html.erb within rescues/layout (11.7ms)
DEPRECATION WARNING: Accessing mime types via constants is deprecated. Please change `Mime::HTML` to `Mime[:html]`. (called from acceptable_content_type? at /Users/zicna/.rvm/gems/ruby-2.6.1/gems/web-console-2.3.0/lib/web_console/middleware.rb:58)
  Rendering /Users/zicna/.rvm/gems/ruby-2.6.1/gems/web-console-2.3.0/lib/web_console/templates/index.html.erb
  Rendered /Users/zicna/.rvm/gems/ruby-2.6.1/gems/web-console-2.3.0/lib/web_console/templates/_markup.html.erb (0.1ms)
  Rendering /Users/zicna/.rvm/gems/ruby-2.6.1/gems/web-console-2.3.0/lib/web_console/templates/console.js.erb within layouts/javascript
  Rendering /Users/zicna/.rvm/gems/ruby-2.6.1/gems/web-console-2.3.0/lib/web_console/templates/_inner_console_markup.html.erb within layouts/inlined_string
  Rendered /Users/zicna/.rvm/gems/ruby-2.6.1/gems/web-console-2.3.0/lib/web_console/templates/_inner_console_markup.html.erb within layouts/inlined_string (0.1ms)
  Rendering /Users/zicna/.rvm/gems/ruby-2.6.1/gems/web-console-2.3.0/lib/web_console/templates/_prompt_box_markup.html.erb within layouts/inlined_string
  Rendered /Users/zicna/.rvm/gems/ruby-2.6.1/gems/web-console-2.3.0/lib/web_console/templates/_prompt_box_markup.html.erb within layouts/inlined_string (0.2ms)
  Rendering /Users/zicna/.rvm/gems/ruby-2.6.1/gems/web-console-2.3.0/lib/web_console/templates/style.css.erb within layouts/inlined_string
  Rendered /Users/zicna/.rvm/gems/ruby-2.6.1/gems/web-console-2.3.0/lib/web_console/templates/style.css.erb within layouts/inlined_string (0.1ms)
DEPRECATION WARNING: Accessing mime types via constants is deprecated. Please change `Mime::WEB_CONSOLE_V2` to `Mime[:web_console_v2]`. (called from ___sers_zicna__rvm_gems_ruby_______gems_web_console_______lib_web_console_templates_console_js_erb__3209349978630215876_70187665584340 at /Users/zicna/.rvm/gems/ruby-2.6.1/gems/web-console-2.3.0/lib/web_console/templates/console.js.erb:491)
  Rendered /Users/zicna/.rvm/gems/ruby-2.6.1/gems/web-console-2.3.0/lib/web_console/templates/console.js.erb within layouts/javascript (9.8ms)
  Rendering /Users/zicna/.rvm/gems/ruby-2.6.1/gems/web-console-2.3.0/lib/web_console/templates/main.js.erb within layouts/javascript
  Rendered /Users/zicna/.rvm/gems/ruby-2.6.1/gems/web-console-2.3.0/lib/web_console/templates/main.js.erb within layouts/javascript (0.1ms)
  Rendering /Users/zicna/.rvm/gems/ruby-2.6.1/gems/web-console-2.3.0/lib/web_console/templates/error_page.js.erb within layouts/javascript
  Rendered /Users/zicna/.rvm/gems/ruby-2.6.1/gems/web-console-2.3.0/lib/web_console/templates/error_page.js.erb within layouts/javascript (0.1ms)
  Rendered /Users/zicna/.rvm/gems/ruby-2.6.1/gems/web-console-2.3.0/lib/web_console/templates/index.html.erb (18.5ms)
Started GET "/posts/1" for ::1 at 2021-05-15 22:19:12 -0500
Processing by PostsController#show as HTML
  Parameters: {"id"=>"1"}
  [1m[36mPost Load (0.1ms)[0m  [1m[34mSELECT  "posts".* FROM "posts" WHERE "posts"."id" = ? LIMIT ?[0m  [["id", 1], ["LIMIT", 1]]
  Rendering posts/show.html.erb within layouts/application
  Rendered posts/show.html.erb within layouts/application (0.6ms)
Completed 200 OK in 13ms (Views: 11.8ms | ActiveRecord: 0.1ms)


Started GET "/posts/1" for ::1 at 2021-05-15 22:21:19 -0500
Processing by PostsController#show as HTML
  Parameters: {"id"=>"1"}
  [1m[36mPost Load (0.1ms)[0m  [1m[34mSELECT  "posts".* FROM "posts" WHERE "posts"."id" = ? LIMIT ?[0m  [["id", 1], ["LIMIT", 1]]
  Rendering posts/show.html.erb within layouts/application
  Rendered posts/show.html.erb within layouts/application (0.5ms)
Completed 200 OK in 11ms (Views: 10.1ms | ActiveRecord: 0.1ms)


Started GET "/posts/1" for ::1 at 2021-05-15 22:22:35 -0500
Processing by PostsController#show as HTML
  Parameters: {"id"=>"1"}
  [1m[36mPost Load (0.1ms)[0m  [1m[34mSELECT  "posts".* FROM "posts" WHERE "posts"."id" = ? LIMIT ?[0m  [["id", 1], ["LIMIT", 1]]
  Rendering posts/show.html.erb within layouts/application
  Rendered posts/show.html.erb within layouts/application (0.4ms)
Completed 200 OK in 8ms (Views: 6.8ms | ActiveRecord: 0.1ms)


Started GET "/posts/1" for ::1 at 2021-05-15 22:25:10 -0500
Processing by PostsController#show as HTML
  Parameters: {"id"=>"1"}
  [1m[36mPost Load (0.2ms)[0m  [1m[34mSELECT  "posts".* FROM "posts" WHERE "posts"."id" = ? LIMIT ?[0m  [["id", 1], ["LIMIT", 1]]
  Rendering posts/show.html.erb within layouts/application
  Rendered posts/show.html.erb within layouts/application (1.3ms)
Completed 200 OK in 22ms (Views: 19.3ms | ActiveRecord: 0.2ms)


Started GET "/posts/1" for ::1 at 2021-05-15 22:25:11 -0500
Processing by PostsController#show as HTML
  Parameters: {"id"=>"1"}
  [1m[36mPost Load (0.2ms)[0m  [1m[34mSELECT  "posts".* FROM "posts" WHERE "posts"."id" = ? LIMIT ?[0m  [["id", 1], ["LIMIT", 1]]
  Rendering posts/show.html.erb within layouts/application
  Rendered posts/show.html.erb within layouts/application (1.8ms)
Completed 200 OK in 27ms (Views: 22.8ms | ActiveRecord: 0.2ms)


Started GET "/posts" for ::1 at 2021-05-15 22:25:17 -0500
Processing by PostsController#index as HTML
  Rendering posts/index.html.erb within layouts/application
  [1m[36mPost Load (0.4ms)[0m  [1m[34mSELECT "posts".* FROM "posts"[0m
  Rendered posts/index.html.erb within layouts/application (2.4ms)
Completed 200 OK in 22ms (Views: 19.2ms | ActiveRecord: 0.4ms)


Started GET "/posts" for ::1 at 2021-05-15 22:50:48 -0500
Processing by PostsController#index as HTML
  Rendering posts/index.html.erb within layouts/application
  [1m[36mPost Load (0.2ms)[0m  [1m[34mSELECT "posts".* FROM "posts"[0m
  Rendered posts/index.html.erb within layouts/application (17.6ms)
Completed 500 Internal Server Error in 22ms (ActiveRecord: 0.4ms)


  
ActionView::Template::Error (undefined method `last_updated' for #<#<Class:0x00007fab8c8559c8>:0x00007fab8c854848>
Did you mean?  last_updeted):
    1: <% @posts.each do |post| %>
    2:   <div>
    3:     <%= post.title %> - <%= last_updated post %>
    4:   </div>
    5: <% end %>
  
app/views/posts/index.html.erb:3:in `block in _app_views_posts_index_html_erb__3670737076009105493_70187386843280'
app/views/posts/index.html.erb:1:in `_app_views_posts_index_html_erb__3670737076009105493_70187386843280'
  Rendering /Users/zicna/.rvm/gems/ruby-2.6.1/gems/actionpack-5.0.7.1/lib/action_dispatch/middleware/templates/rescues/template_error.html.erb within rescues/layout
  Rendering /Users/zicna/.rvm/gems/ruby-2.6.1/gems/actionpack-5.0.7.1/lib/action_dispatch/middleware/templates/rescues/_source.html.erb
  Rendered /Users/zicna/.rvm/gems/ruby-2.6.1/gems/actionpack-5.0.7.1/lib/action_dispatch/middleware/templates/rescues/_source.html.erb (1.9ms)
  Rendering /Users/zicna/.rvm/gems/ruby-2.6.1/gems/actionpack-5.0.7.1/lib/action_dispatch/middleware/templates/rescues/_trace.html.erb
  Rendered /Users/zicna/.rvm/gems/ruby-2.6.1/gems/actionpack-5.0.7.1/lib/action_dispatch/middleware/templates/rescues/_trace.html.erb (1.0ms)
  Rendering /Users/zicna/.rvm/gems/ruby-2.6.1/gems/actionpack-5.0.7.1/lib/action_dispatch/middleware/templates/rescues/_request_and_response.html.erb
  Rendered /Users/zicna/.rvm/gems/ruby-2.6.1/gems/actionpack-5.0.7.1/lib/action_dispatch/middleware/templates/rescues/_request_and_response.html.erb (0.5ms)
  Rendered /Users/zicna/.rvm/gems/ruby-2.6.1/gems/actionpack-5.0.7.1/lib/action_dispatch/middleware/templates/rescues/template_error.html.erb within rescues/layout (12.0ms)
DEPRECATION WARNING: #original_exception is deprecated. Use #cause instead. (called from block in render_exception_with_web_console at /Users/zicna/.rvm/gems/ruby-2.6.1/gems/web-console-2.3.0/lib/web_console/extensions.rb:16)
DEPRECATION WARNING: Accessing mime types via constants is deprecated. Please change `Mime::HTML` to `Mime[:html]`. (called from acceptable_content_type? at /Users/zicna/.rvm/gems/ruby-2.6.1/gems/web-console-2.3.0/lib/web_console/middleware.rb:58)
  Rendering /Users/zicna/.rvm/gems/ruby-2.6.1/gems/web-console-2.3.0/lib/web_console/templates/index.html.erb
  Rendered /Users/zicna/.rvm/gems/ruby-2.6.1/gems/web-console-2.3.0/lib/web_console/templates/_markup.html.erb (0.1ms)
  Rendering /Users/zicna/.rvm/gems/ruby-2.6.1/gems/web-console-2.3.0/lib/web_console/templates/console.js.erb within layouts/javascript
  Rendering /Users/zicna/.rvm/gems/ruby-2.6.1/gems/web-console-2.3.0/lib/web_console/templates/_inner_console_markup.html.erb within layouts/inlined_string
  Rendered /Users/zicna/.rvm/gems/ruby-2.6.1/gems/web-console-2.3.0/lib/web_console/templates/_inner_console_markup.html.erb within layouts/inlined_string (0.2ms)
  Rendering /Users/zicna/.rvm/gems/ruby-2.6.1/gems/web-console-2.3.0/lib/web_console/templates/_prompt_box_markup.html.erb within layouts/inlined_string
  Rendered /Users/zicna/.rvm/gems/ruby-2.6.1/gems/web-console-2.3.0/lib/web_console/templates/_prompt_box_markup.html.erb within layouts/inlined_string (0.2ms)
  Rendering /Users/zicna/.rvm/gems/ruby-2.6.1/gems/web-console-2.3.0/lib/web_console/templates/style.css.erb within layouts/inlined_string
  Rendered /Users/zicna/.rvm/gems/ruby-2.6.1/gems/web-console-2.3.0/lib/web_console/templates/style.css.erb within layouts/inlined_string (0.2ms)
DEPRECATION WARNING: Accessing mime types via constants is deprecated. Please change `Mime::WEB_CONSOLE_V2` to `Mime[:web_console_v2]`. (called from ___sers_zicna__rvm_gems_ruby_______gems_web_console_______lib_web_console_templates_console_js_erb__3209349978630215876_70187527355340 at /Users/zicna/.rvm/gems/ruby-2.6.1/gems/web-console-2.3.0/lib/web_console/templates/console.js.erb:491)
  Rendered /Users/zicna/.rvm/gems/ruby-2.6.1/gems/web-console-2.3.0/lib/web_console/templates/console.js.erb within layouts/javascript (11.3ms)
  Rendering /Users/zicna/.rvm/gems/ruby-2.6.1/gems/web-console-2.3.0/lib/web_console/templates/main.js.erb within layouts/javascript
  Rendered /Users/zicna/.rvm/gems/ruby-2.6.1/gems/web-console-2.3.0/lib/web_console/templates/main.js.erb within layouts/javascript (0.1ms)
  Rendering /Users/zicna/.rvm/gems/ruby-2.6.1/gems/web-console-2.3.0/lib/web_console/templates/error_page.js.erb within layouts/javascript
  Rendered /Users/zicna/.rvm/gems/ruby-2.6.1/gems/web-console-2.3.0/lib/web_console/templates/error_page.js.erb within layouts/javascript (0.2ms)
  Rendered /Users/zicna/.rvm/gems/ruby-2.6.1/gems/web-console-2.3.0/lib/web_console/templates/index.html.erb (20.6ms)
Started GET "/posts" for ::1 at 2021-05-15 22:51:19 -0500
Processing by PostsController#index as HTML
  Rendering posts/index.html.erb within layouts/application
  [1m[36mPost Load (0.3ms)[0m  [1m[34mSELECT "posts".* FROM "posts"[0m
  Rendered posts/index.html.erb within layouts/application (3.8ms)
Completed 200 OK in 18ms (Views: 14.5ms | ActiveRecord: 0.5ms)


Started GET "/posts" for ::1 at 2021-05-15 22:53:26 -0500
Processing by PostsController#index as HTML
  Rendering posts/index.html.erb within layouts/application
  [1m[36mPost Load (0.1ms)[0m  [1m[34mSELECT "posts".* FROM "posts"[0m
  Rendered posts/index.html.erb within layouts/application (0.9ms)
Completed 200 OK in 13ms (Views: 11.5ms | ActiveRecord: 0.1ms)


